[2026-06-01T17:16:27.235Z] [INFO] [ERROR_HANDLER] GET /
{
  "method": "GET",
  "path": "/",
  "status": 304,
  "duration": "8ms",
  "ip": "::1",
  "userAgent": "Mozilla/5.0 (Windows NT 10.0; Win64; x64) AppleWebKit/537.36 (KHTML, like Gecko) Code/1.121.0 Chrome/142.0.7444.265 Electron/39.8.8 Safari/537.36"
}

[2026-06-01T17:17:18.271Z] [INFO] [ERROR_HANDLER] POST /login
{
  "method": "POST",
  "path": "/login",
  "status": 200,
  "duration": "1936ms",
  "ip": "::1",
  "userAgent": "Mozilla/5.0 (Windows NT 10.0; Win64; x64) AppleWebKit/537.36 (KHTML, like Gecko) Chrome/148.0.0.0 Safari/537.36"
}

[2026-06-01T17:17:18.850Z] [INFO] [ERROR_HANDLER] GET /
{
  "method": "GET",
  "path": "/",
  "status": 200,
  "duration": "260ms",
  "ip": "::1",
  "userAgent": "Mozilla/5.0 (Windows NT 10.0; Win64; x64) AppleWebKit/537.36 (KHTML, like Gecko) Chrome/148.0.0.0 Safari/537.36"
}

[2026-06-01T17:17:19.017Z] [INFO] [ERROR_HANDLER] GET /
{
  "method": "GET",
  "path": "/",
  "status": 304,
  "duration": "165ms",
  "ip": "::1",
  "userAgent": "Mozilla/5.0 (Windows NT 10.0; Win64; x64) AppleWebKit/537.36 (KHTML, like Gecko) Chrome/148.0.0.0 Safari/537.36"
}

[2026-06-01T17:17:25.422Z] [WARN] [ERROR_HANDLER] GET /7iWNvtCzZgLtsCsVtG1w
{
  "method": "GET",
  "path": "/7iWNvtCzZgLtsCsVtG1w",
  "status": 400,
  "duration": "159ms",
  "ip": "::1",
  "userAgent": "Mozilla/5.0 (Windows NT 10.0; Win64; x64) AppleWebKit/537.36 (KHTML, like Gecko) Chrome/148.0.0.0 Safari/537.36"
}

[2026-06-01T17:17:25.603Z] [WARN] [ERROR_HANDLER] GET /7iWNvtCzZgLtsCsVtG1w
{
  "method": "GET",
  "path": "/7iWNvtCzZgLtsCsVtG1w",
  "status": 400,
  "duration": "179ms",
  "ip": "::1",
  "userAgent": "Mozilla/5.0 (Windows NT 10.0; Win64; x64) AppleWebKit/537.36 (KHTML, like Gecko) Chrome/148.0.0.0 Safari/537.36"
}

[2026-06-01T17:17:25.835Z] [INFO] [ERROR_HANDLER] GET /
{
  "method": "GET",
  "path": "/",
  "status": 304,
  "duration": "274ms",
  "ip": "::1",
  "userAgent": "Mozilla/5.0 (Windows NT 10.0; Win64; x64) AppleWebKit/537.36 (KHTML, like Gecko) Chrome/148.0.0.0 Safari/537.36"
}

[2026-06-01T17:17:26.434Z] [INFO] [ERROR_HANDLER] GET /
{
  "method": "GET",
  "path": "/",
  "status": 304,
  "duration": "596ms",
  "ip": "::1",
  "userAgent": "Mozilla/5.0 (Windows NT 10.0; Win64; x64) AppleWebKit/537.36 (KHTML, like Gecko) Chrome/148.0.0.0 Safari/537.36"
}

[2026-06-01T17:17:28.816Z] [INFO] [ERROR_HANDLER] POST /
{
  "method": "POST",
  "path": "/",
  "status": 201,
  "duration": "236ms",
  "ip": "::1",
  "userAgent": "Mozilla/5.0 (Windows NT 10.0; Win64; x64) AppleWebKit/537.36 (KHTML, like Gecko) Chrome/148.0.0.0 Safari/537.36"
}

[2026-06-01T17:17:28.960Z] [WARN] [ERROR_HANDLER] GET /Y6ksQ8poX3v1IBOkTCUh
{
  "method": "GET",
  "path": "/Y6ksQ8poX3v1IBOkTCUh",
  "status": 400,
  "duration": "96ms",
  "ip": "::1",
  "userAgent": "Mozilla/5.0 (Windows NT 10.0; Win64; x64) AppleWebKit/537.36 (KHTML, like Gecko) Chrome/148.0.0.0 Safari/537.36"
}

[2026-06-01T17:17:29.218Z] [WARN] [ERROR_HANDLER] GET /Y6ksQ8poX3v1IBOkTCUh
{
  "method": "GET",
  "path": "/Y6ksQ8poX3v1IBOkTCUh",
  "status": 400,
  "duration": "255ms",
  "ip": "::1",
  "userAgent": "Mozilla/5.0 (Windows NT 10.0; Win64; x64) AppleWebKit/537.36 (KHTML, like Gecko) Chrome/148.0.0.0 Safari/537.36"
}

[2026-06-01T17:17:29.322Z] [INFO] [ERROR_HANDLER] GET /
{
  "method": "GET",
  "path": "/",
  "status": 200,
  "duration": "307ms",
  "ip": "::1",
  "userAgent": "Mozilla/5.0 (Windows NT 10.0; Win64; x64) AppleWebKit/537.36 (KHTML, like Gecko) Chrome/148.0.0.0 Safari/537.36"
}

[2026-06-01T17:17:29.440Z] [INFO] [ERROR_HANDLER] GET /
{
  "method": "GET",
  "path": "/",
  "status": 304,
  "duration": "116ms",
  "ip": "::1",
  "userAgent": "Mozilla/5.0 (Windows NT 10.0; Win64; x64) AppleWebKit/537.36 (KHTML, like Gecko) Chrome/148.0.0.0 Safari/537.36"
}

[2026-06-01T17:17:34.226Z] [INFO] [ERROR_HANDLER] POST /
{
  "method": "POST",
  "path": "/",
  "status": 201,
  "duration": "231ms",
  "ip": "::1",
  "userAgent": "Mozilla/5.0 (Windows NT 10.0; Win64; x64) AppleWebKit/537.36 (KHTML, like Gecko) Chrome/148.0.0.0 Safari/537.36"
}

[2026-06-01T17:17:34.429Z] [WARN] [ERROR_HANDLER] GET /JaoU2XM7KCuDXks8nPyY
{
  "method": "GET",
  "path": "/JaoU2XM7KCuDXks8nPyY",
  "status": 400,
  "duration": "149ms",
  "ip": "::1",
  "userAgent": "Mozilla/5.0 (Windows NT 10.0; Win64; x64) AppleWebKit/537.36 (KHTML, like Gecko) Chrome/148.0.0.0 Safari/537.36"
}

[2026-06-01T17:17:34.528Z] [WARN] [ERROR_HANDLER] GET /JaoU2XM7KCuDXks8nPyY
{
  "method": "GET",
  "path": "/JaoU2XM7KCuDXks8nPyY",
  "status": 400,
  "duration": "97ms",
  "ip": "::1",
  "userAgent": "Mozilla/5.0 (Windows NT 10.0; Win64; x64) AppleWebKit/537.36 (KHTML, like Gecko) Chrome/148.0.0.0 Safari/537.36"
}

[2026-06-01T17:17:34.740Z] [INFO] [ERROR_HANDLER] GET /
{
  "method": "GET",
  "path": "/",
  "status": 200,
  "duration": "250ms",
  "ip": "::1",
  "userAgent": "Mozilla/5.0 (Windows NT 10.0; Win64; x64) AppleWebKit/537.36 (KHTML, like Gecko) Chrome/148.0.0.0 Safari/537.36"
}

[2026-06-01T17:17:35.002Z] [INFO] [ERROR_HANDLER] GET /
{
  "method": "GET",
  "path": "/",
  "status": 304,
  "duration": "260ms",
  "ip": "::1",
  "userAgent": "Mozilla/5.0 (Windows NT 10.0; Win64; x64) AppleWebKit/537.36 (KHTML, like Gecko) Chrome/148.0.0.0 Safari/537.36"
}

[2026-06-01T17:17:37.299Z] [WARN] [ERROR_HANDLER] GET /7iWNvtCzZgLtsCsVtG1w
{
  "method": "GET",
  "path": "/7iWNvtCzZgLtsCsVtG1w",
  "status": 400,
  "duration": "67ms",
  "ip": "::1",
  "userAgent": "Mozilla/5.0 (Windows NT 10.0; Win64; x64) AppleWebKit/537.36 (KHTML, like Gecko) Chrome/148.0.0.0 Safari/537.36"
}

[2026-06-01T17:17:37.509Z] [WARN] [ERROR_HANDLER] GET /7iWNvtCzZgLtsCsVtG1w
{
  "method": "GET",
  "path": "/7iWNvtCzZgLtsCsVtG1w",
  "status": 400,
  "duration": "208ms",
  "ip": "::1",
  "userAgent": "Mozilla/5.0 (Windows NT 10.0; Win64; x64) AppleWebKit/537.36 (KHTML, like Gecko) Chrome/148.0.0.0 Safari/537.36"
}

[2026-06-01T17:17:37.570Z] [INFO] [ERROR_HANDLER] GET /
{
  "method": "GET",
  "path": "/",
  "status": 304,
  "duration": "227ms",
  "ip": "::1",
  "userAgent": "Mozilla/5.0 (Windows NT 10.0; Win64; x64) AppleWebKit/537.36 (KHTML, like Gecko) Chrome/148.0.0.0 Safari/537.36"
}

[2026-06-01T17:17:37.814Z] [INFO] [ERROR_HANDLER] GET /
{
  "method": "GET",
  "path": "/",
  "status": 304,
  "duration": "243ms",
  "ip": "::1",
  "userAgent": "Mozilla/5.0 (Windows NT 10.0; Win64; x64) AppleWebKit/537.36 (KHTML, like Gecko) Chrome/148.0.0.0 Safari/537.36"
}

[2026-06-01T17:17:40.203Z] [WARN] [ERROR_HANDLER] GET /JaoU2XM7KCuDXks8nPyY
{
  "method": "GET",
  "path": "/JaoU2XM7KCuDXks8nPyY",
  "status": 400,
  "duration": "48ms",
  "ip": "::1",
  "userAgent": "Mozilla/5.0 (Windows NT 10.0; Win64; x64) AppleWebKit/537.36 (KHTML, like Gecko) Chrome/148.0.0.0 Safari/537.36"
}

[2026-06-01T17:17:40.258Z] [WARN] [ERROR_HANDLER] GET /JaoU2XM7KCuDXks8nPyY
{
  "method": "GET",
  "path": "/JaoU2XM7KCuDXks8nPyY",
  "status": 400,
  "duration": "54ms",
  "ip": "::1",
  "userAgent": "Mozilla/5.0 (Windows NT 10.0; Win64; x64) AppleWebKit/537.36 (KHTML, like Gecko) Chrome/148.0.0.0 Safari/537.36"
}

[2026-06-01T17:17:40.400Z] [INFO] [ERROR_HANDLER] GET /
{
  "method": "GET",
  "path": "/",
  "status": 304,
  "duration": "147ms",
  "ip": "::1",
  "userAgent": "Mozilla/5.0 (Windows NT 10.0; Win64; x64) AppleWebKit/537.36 (KHTML, like Gecko) Chrome/148.0.0.0 Safari/537.36"
}

[2026-06-01T17:17:40.511Z] [INFO] [ERROR_HANDLER] GET /
{
  "method": "GET",
  "path": "/",
  "status": 304,
  "duration": "109ms",
  "ip": "::1",
  "userAgent": "Mozilla/5.0 (Windows NT 10.0; Win64; x64) AppleWebKit/537.36 (KHTML, like Gecko) Chrome/148.0.0.0 Safari/537.36"
}

[2026-06-01T17:18:20.514Z] [WARN] [ERROR_HANDLER] GET /JaoU2XM7KCuDXks8nPyY
{
  "method": "GET",
  "path": "/JaoU2XM7KCuDXks8nPyY",
  "status": 400,
  "duration": "183ms",
  "ip": "::1",
  "userAgent": "Mozilla/5.0 (Windows NT 10.0; Win64; x64) AppleWebKit/537.36 (KHTML, like Gecko) Chrome/148.0.0.0 Safari/537.36"
}

[2026-06-01T17:18:20.723Z] [WARN] [ERROR_HANDLER] GET /JaoU2XM7KCuDXks8nPyY
{
  "method": "GET",
  "path": "/JaoU2XM7KCuDXks8nPyY",
  "status": 400,
  "duration": "206ms",
  "ip": "::1",
  "userAgent": "Mozilla/5.0 (Windows NT 10.0; Win64; x64) AppleWebKit/537.36 (KHTML, like Gecko) Chrome/148.0.0.0 Safari/537.36"
}

[2026-06-01T17:18:20.930Z] [INFO] [ERROR_HANDLER] GET /
{
  "method": "GET",
  "path": "/",
  "status": 304,
  "duration": "358ms",
  "ip": "::1",
  "userAgent": "Mozilla/5.0 (Windows NT 10.0; Win64; x64) AppleWebKit/537.36 (KHTML, like Gecko) Chrome/148.0.0.0 Safari/537.36"
}

[2026-06-01T17:18:21.137Z] [INFO] [ERROR_HANDLER] GET /
{
  "method": "GET",
  "path": "/",
  "status": 304,
  "duration": "205ms",
  "ip": "::1",
  "userAgent": "Mozilla/5.0 (Windows NT 10.0; Win64; x64) AppleWebKit/537.36 (KHTML, like Gecko) Chrome/148.0.0.0 Safari/537.36"
}

[2026-06-01T17:18:23.695Z] [WARN] [ERROR_HANDLER] GET /JaoU2XM7KCuDXks8nPyY
{
  "method": "GET",
  "path": "/JaoU2XM7KCuDXks8nPyY",
  "status": 400,
  "duration": "189ms",
  "ip": "::1",
  "userAgent": "Mozilla/5.0 (Windows NT 10.0; Win64; x64) AppleWebKit/537.36 (KHTML, like Gecko) Chrome/148.0.0.0 Safari/537.36"
}

[2026-06-01T17:18:23.833Z] [WARN] [ERROR_HANDLER] GET /JaoU2XM7KCuDXks8nPyY
{
  "method": "GET",
  "path": "/JaoU2XM7KCuDXks8nPyY",
  "status": 400,
  "duration": "136ms",
  "ip": "::1",
  "userAgent": "Mozilla/5.0 (Windows NT 10.0; Win64; x64) AppleWebKit/537.36 (KHTML, like Gecko) Chrome/148.0.0.0 Safari/537.36"
}

[2026-06-01T17:18:24.282Z] [INFO] [ERROR_HANDLER] GET /
{
  "method": "GET",
  "path": "/",
  "status": 304,
  "duration": "504ms",
  "ip": "::1",
  "userAgent": "Mozilla/5.0 (Windows NT 10.0; Win64; x64) AppleWebKit/537.36 (KHTML, like Gecko) Chrome/148.0.0.0 Safari/537.36"
}

[2026-06-01T17:18:25.742Z] [INFO] [ERROR_HANDLER] GET /
{
  "method": "GET",
  "path": "/",
  "status": 304,
  "duration": "1457ms",
  "ip": "::1",
  "userAgent": "Mozilla/5.0 (Windows NT 10.0; Win64; x64) AppleWebKit/537.36 (KHTML, like Gecko) Chrome/148.0.0.0 Safari/537.36"
}

[2026-06-01T17:24:48.219Z] [WARN] [ERROR_HANDLER] POST /register
{
  "method": "POST",
  "path": "/register",
  "status": 409,
  "duration": "250ms",
  "ip": "::1",
  "userAgent": "Mozilla/5.0 (Windows NT 10.0; Win64; x64) AppleWebKit/537.36 (KHTML, like Gecko) Code/1.121.0 Chrome/142.0.7444.265 Electron/39.8.8 Safari/537.36"
}

[2026-06-01T17:25:16.513Z] [WARN] [ERROR_HANDLER] POST /login
{
  "method": "POST",
  "path": "/login",
  "status": 401,
  "duration": "175ms",
  "ip": "::1",
  "userAgent": "Mozilla/5.0 (Windows NT 10.0; Win64; x64) AppleWebKit/537.36 (KHTML, like Gecko) Code/1.121.0 Chrome/142.0.7444.265 Electron/39.8.8 Safari/537.36"
}

[2026-06-01T17:26:13.040Z] [INFO] [ERROR_HANDLER] POST /register
{
  "method": "POST",
  "path": "/register",
  "status": 201,
  "duration": "293ms",
  "ip": "::1",
  "userAgent": "Mozilla/5.0 (Windows NT 10.0; Win64; x64) AppleWebKit/537.36 (KHTML, like Gecko) Code/1.121.0 Chrome/142.0.7444.265 Electron/39.8.8 Safari/537.36"
}

[2026-06-01T17:26:13.592Z] [INFO] [ERROR_HANDLER] GET /
{
  "method": "GET",
  "path": "/",
  "status": 200,
  "duration": "458ms",
  "ip": "::1",
  "userAgent": "Mozilla/5.0 (Windows NT 10.0; Win64; x64) AppleWebKit/537.36 (KHTML, like Gecko) Code/1.121.0 Chrome/142.0.7444.265 Electron/39.8.8 Safari/537.36"
}

[2026-06-01T17:26:13.756Z] [INFO] [ERROR_HANDLER] GET /
{
  "method": "GET",
  "path": "/",
  "status": 304,
  "duration": "158ms",
  "ip": "::1",
  "userAgent": "Mozilla/5.0 (Windows NT 10.0; Win64; x64) AppleWebKit/537.36 (KHTML, like Gecko) Code/1.121.0 Chrome/142.0.7444.265 Electron/39.8.8 Safari/537.36"
}

[2026-06-01T17:26:29.703Z] [INFO] [ERROR_HANDLER] POST /
{
  "method": "POST",
  "path": "/",
  "status": 201,
  "duration": "423ms",
  "ip": "::1",
  "userAgent": "Mozilla/5.0 (Windows NT 10.0; Win64; x64) AppleWebKit/537.36 (KHTML, like Gecko) Code/1.121.0 Chrome/142.0.7444.265 Electron/39.8.8 Safari/537.36"
}

[2026-06-01T17:26:29.868Z] [WARN] [ERROR_HANDLER] GET /bimbUR1XuqoIkgIflcsK
{
  "method": "GET",
  "path": "/bimbUR1XuqoIkgIflcsK",
  "status": 400,
  "duration": "121ms",
  "ip": "::1",
  "userAgent": "Mozilla/5.0 (Windows NT 10.0; Win64; x64) AppleWebKit/537.36 (KHTML, like Gecko) Code/1.121.0 Chrome/142.0.7444.265 Electron/39.8.8 Safari/537.36"
}

[2026-06-01T17:26:29.991Z] [WARN] [ERROR_HANDLER] GET /bimbUR1XuqoIkgIflcsK
{
  "method": "GET",
  "path": "/bimbUR1XuqoIkgIflcsK",
  "status": 400,
  "duration": "120ms",
  "ip": "::1",
  "userAgent": "Mozilla/5.0 (Windows NT 10.0; Win64; x64) AppleWebKit/537.36 (KHTML, like Gecko) Code/1.121.0 Chrome/142.0.7444.265 Electron/39.8.8 Safari/537.36"
}

[2026-06-01T17:26:30.262Z] [INFO] [ERROR_HANDLER] GET /
{
  "method": "GET",
  "path": "/",
  "status": 200,
  "duration": "283ms",
  "ip": "::1",
  "userAgent": "Mozilla/5.0 (Windows NT 10.0; Win64; x64) AppleWebKit/537.36 (KHTML, like Gecko) Code/1.121.0 Chrome/142.0.7444.265 Electron/39.8.8 Safari/537.36"
}

[2026-06-01T17:26:30.686Z] [INFO] [ERROR_HANDLER] GET /
{
  "method": "GET",
  "path": "/",
  "status": 304,
  "duration": "422ms",
  "ip": "::1",
  "userAgent": "Mozilla/5.0 (Windows NT 10.0; Win64; x64) AppleWebKit/537.36 (KHTML, like Gecko) Code/1.121.0 Chrome/142.0.7444.265 Electron/39.8.8 Safari/537.36"
}

[2026-06-01T17:27:16.193Z] [INFO] [ERROR_HANDLER] GET /me
{
  "method": "GET",
  "path": "/me",
  "status": 200,
  "duration": "365ms",
  "ip": "::1",
  "userAgent": "Mozilla/5.0 (Windows NT 10.0; Win64; x64) AppleWebKit/537.36 (KHTML, like Gecko) Code/1.121.0 Chrome/142.0.7444.265 Electron/39.8.8 Safari/537.36"
}

[2026-06-01T17:27:16.507Z] [INFO] [ERROR_HANDLER] GET /me
{
  "method": "GET",
  "path": "/me",
  "status": 304,
  "duration": "310ms",
  "ip": "::1",
  "userAgent": "Mozilla/5.0 (Windows NT 10.0; Win64; x64) AppleWebKit/537.36 (KHTML, like Gecko) Code/1.121.0 Chrome/142.0.7444.265 Electron/39.8.8 Safari/537.36"
}

[2026-06-01T17:27:16.511Z] [INFO] [ERROR_HANDLER] GET /
{
  "method": "GET",
  "path": "/",
  "status": 304,
  "duration": "254ms",
  "ip": "::1",
  "userAgent": "Mozilla/5.0 (Windows NT 10.0; Win64; x64) AppleWebKit/537.36 (KHTML, like Gecko) Code/1.121.0 Chrome/142.0.7444.265 Electron/39.8.8 Safari/537.36"
}

[2026-06-01T17:27:16.913Z] [INFO] [ERROR_HANDLER] GET /
{
  "method": "GET",
  "path": "/",
  "status": 304,
  "duration": "400ms",
  "ip": "::1",
  "userAgent": "Mozilla/5.0 (Windows NT 10.0; Win64; x64) AppleWebKit/537.36 (KHTML, like Gecko) Code/1.121.0 Chrome/142.0.7444.265 Electron/39.8.8 Safari/537.36"
}

[2026-06-01T17:27:29.436Z] [INFO] [ERROR_HANDLER] POST /
{
  "method": "POST",
  "path": "/",
  "status": 201,
  "duration": "144ms",
  "ip": "::1",
  "userAgent": "Mozilla/5.0 (Windows NT 10.0; Win64; x64) AppleWebKit/537.36 (KHTML, like Gecko) Code/1.121.0 Chrome/142.0.7444.265 Electron/39.8.8 Safari/537.36"
}

[2026-06-01T17:27:29.519Z] [WARN] [ERROR_HANDLER] GET /oHLPiVctGHDT5xn55F4v
{
  "method": "GET",
  "path": "/oHLPiVctGHDT5xn55F4v",
  "status": 400,
  "duration": "45ms",
  "ip": "::1",
  "userAgent": "Mozilla/5.0 (Windows NT 10.0; Win64; x64) AppleWebKit/537.36 (KHTML, like Gecko) Code/1.121.0 Chrome/142.0.7444.265 Electron/39.8.8 Safari/537.36"
}

[2026-06-01T17:27:29.567Z] [WARN] [ERROR_HANDLER] GET /oHLPiVctGHDT5xn55F4v
{
  "method": "GET",
  "path": "/oHLPiVctGHDT5xn55F4v",
  "status": 400,
  "duration": "45ms",
  "ip": "::1",
  "userAgent": "Mozilla/5.0 (Windows NT 10.0; Win64; x64) AppleWebKit/537.36 (KHTML, like Gecko) Code/1.121.0 Chrome/142.0.7444.265 Electron/39.8.8 Safari/537.36"
}

[2026-06-01T17:27:29.722Z] [INFO] [ERROR_HANDLER] GET /
{
  "method": "GET",
  "path": "/",
  "status": 200,
  "duration": "128ms",
  "ip": "::1",
  "userAgent": "Mozilla/5.0 (Windows NT 10.0; Win64; x64) AppleWebKit/537.36 (KHTML, like Gecko) Code/1.121.0 Chrome/142.0.7444.265 Electron/39.8.8 Safari/537.36"
}

[2026-06-01T17:27:29.838Z] [INFO] [ERROR_HANDLER] GET /
{
  "method": "GET",
  "path": "/",
  "status": 304,
  "duration": "114ms",
  "ip": "::1",
  "userAgent": "Mozilla/5.0 (Windows NT 10.0; Win64; x64) AppleWebKit/537.36 (KHTML, like Gecko) Code/1.121.0 Chrome/142.0.7444.265 Electron/39.8.8 Safari/537.36"
}

[2026-06-01T17:27:38.617Z] [INFO] [ERROR_HANDLER] GET /me
{
  "method": "GET",
  "path": "/me",
  "status": 304,
  "duration": "229ms",
  "ip": "::1",
  "userAgent": "Mozilla/5.0 (Windows NT 10.0; Win64; x64) AppleWebKit/537.36 (KHTML, like Gecko) Code/1.121.0 Chrome/142.0.7444.265 Electron/39.8.8 Safari/537.36"
}

[2026-06-01T17:27:39.026Z] [INFO] [ERROR_HANDLER] GET /me
{
  "method": "GET",
  "path": "/me",
  "status": 304,
  "duration": "407ms",
  "ip": "::1",
  "userAgent": "Mozilla/5.0 (Windows NT 10.0; Win64; x64) AppleWebKit/537.36 (KHTML, like Gecko) Code/1.121.0 Chrome/142.0.7444.265 Electron/39.8.8 Safari/537.36"
}

[2026-06-01T17:27:39.029Z] [INFO] [ERROR_HANDLER] GET /
{
  "method": "GET",
  "path": "/",
  "status": 304,
  "duration": "368ms",
  "ip": "::1",
  "userAgent": "Mozilla/5.0 (Windows NT 10.0; Win64; x64) AppleWebKit/537.36 (KHTML, like Gecko) Code/1.121.0 Chrome/142.0.7444.265 Electron/39.8.8 Safari/537.36"
}

[2026-06-01T17:27:39.542Z] [INFO] [ERROR_HANDLER] GET /
{
  "method": "GET",
  "path": "/",
  "status": 304,
  "duration": "511ms",
  "ip": "::1",
  "userAgent": "Mozilla/5.0 (Windows NT 10.0; Win64; x64) AppleWebKit/537.36 (KHTML, like Gecko) Code/1.121.0 Chrome/142.0.7444.265 Electron/39.8.8 Safari/537.36"
}

[2026-06-01T17:28:08.532Z] [INFO] [ERROR_HANDLER] POST /
{
  "method": "POST",
  "path": "/",
  "status": 201,
  "duration": "526ms",
  "ip": "::1",
  "userAgent": "Mozilla/5.0 (Windows NT 10.0; Win64; x64) AppleWebKit/537.36 (KHTML, like Gecko) Chrome/148.0.0.0 Safari/537.36"
}

[2026-06-01T17:28:08.728Z] [WARN] [ERROR_HANDLER] GET /j3mhGxcNvilY2nZFY3Qy
{
  "method": "GET",
  "path": "/j3mhGxcNvilY2nZFY3Qy",
  "status": 400,
  "duration": "137ms",
  "ip": "::1",
  "userAgent": "Mozilla/5.0 (Windows NT 10.0; Win64; x64) AppleWebKit/537.36 (KHTML, like Gecko) Chrome/148.0.0.0 Safari/537.36"
}

[2026-06-01T17:28:08.778Z] [WARN] [ERROR_HANDLER] GET /j3mhGxcNvilY2nZFY3Qy
{
  "method": "GET",
  "path": "/j3mhGxcNvilY2nZFY3Qy",
  "status": 400,
  "duration": "49ms",
  "ip": "::1",
  "userAgent": "Mozilla/5.0 (Windows NT 10.0; Win64; x64) AppleWebKit/537.36 (KHTML, like Gecko) Chrome/148.0.0.0 Safari/537.36"
}

[2026-06-01T17:28:08.939Z] [INFO] [ERROR_HANDLER] GET /
{
  "method": "GET",
  "path": "/",
  "status": 200,
  "duration": "158ms",
  "ip": "::1",
  "userAgent": "Mozilla/5.0 (Windows NT 10.0; Win64; x64) AppleWebKit/537.36 (KHTML, like Gecko) Chrome/148.0.0.0 Safari/537.36"
}

